app/build/intermediates/manifest_merge_blame_file/debug/manifest-merger-blame-debug-report.txt
1<?xml version="1.0" encoding="utf-8"?>
2<manifest xmlns:android="http://schemas.android.com/apk/res/android"
3    package="com.hardwoker"
4    android:versionCode="1"
5    android:versionName="1.0" >
6
7    <uses-sdk
8        android:minSdkVersion="21"
8-->src\main\AndroidManifest.xml
9        android:targetSdkVersion="29" />
9-->src\main\AndroidManifest.xml
10    <!--
11         The ACCESS_COARSE/FINE_LOCATION permissions are not required to use
12         Google Maps Android API v2, but you must specify either coarse or fine
13         location permissions for the "MyLocation" functionality.
14    -->
15    <uses-permission android:name="android.permission.ACCESS_FINE_LOCATION" />
15-->src\main\AndroidManifest.xml:9:5-79
15-->src\main\AndroidManifest.xml:9:22-76
16
17    <!-- Although the *SdkVersion is captured in gradle build files, this is required for non gradle builds -->
18    <!-- <uses-sdk android:minSdkVersion="14"/> -->
19    <uses-permission android:name="android.permission.ACCESS_NETWORK_STATE" />
19-->[com.google.firebase:firebase-database:19.6.0] AndroidManifest.xml:25:5-79
19-->[com.google.firebase:firebase-database:19.6.0] AndroidManifest.xml:25:22-76
20    <uses-permission android:name="android.permission.INTERNET" />
20-->[com.google.firebase:firebase-database:19.6.0] AndroidManifest.xml:26:5-67
20-->[com.google.firebase:firebase-database:19.6.0] AndroidManifest.xml:26:22-64
21
22    <uses-feature
22-->[com.google.android.gms:play-services-maps:17.0.0] AndroidManifest.xml:26:5-28:35
23        android:glEsVersion="0x00020000"
23-->[com.google.android.gms:play-services-maps:17.0.0] AndroidManifest.xml:27:9-41
24        android:required="true" />
24-->[com.google.android.gms:play-services-maps:17.0.0] AndroidManifest.xml:28:9-32
25
26    <application
26-->src\main\AndroidManifest.xml:11:5-49:19
27        android:allowBackup="true"
27-->src\main\AndroidManifest.xml:12:9-35
28        android:appComponentFactory="androidx.core.app.CoreComponentFactory"
28-->[androidx.core:core:1.3.1] AndroidManifest.xml:24:18-86
29        android:debuggable="true"
30        android:icon="@mipmap/ic_launcher"
30-->src\main\AndroidManifest.xml:13:9-43
31        android:label="@string/app_name"
31-->src\main\AndroidManifest.xml:14:9-41
32        android:roundIcon="@mipmap/ic_launcher_round"
32-->src\main\AndroidManifest.xml:15:9-54
33        android:supportsRtl="true"
33-->src\main\AndroidManifest.xml:16:9-35
34        android:testOnly="true"
35        android:theme="@style/AppTheme" >
35-->src\main\AndroidManifest.xml:17:9-40
36        <activity android:name="com.hardwoker.AllCategory" />
36-->src\main\AndroidManifest.xml:18:9-58
36-->src\main\AndroidManifest.xml:18:19-46
37        <!--
38             The API key for Google Maps-based APIs is defined as a string resource.
39             (See the file "res/values/google_maps_api.xml").
40             Note that the API key is linked to the encryption key used to sign the APK.
41             You need a different API key for each encryption key, including the release key that is used to
42             sign the APK for publishing.
43             You can define the keys for the debug and release targets in src/debug/ and src/release/.
44        -->
45        <meta-data
45-->src\main\AndroidManifest.xml:27:9-29:55
46            android:name="com.google.android.geo.API_KEY"
46-->src\main\AndroidManifest.xml:28:13-58
47            android:value="@string/google_maps_key" />
47-->src\main\AndroidManifest.xml:29:13-52
48
49        <activity android:name="com.hardwoker.VerifyNomor" >
49-->src\main\AndroidManifest.xml:31:9-37:20
49-->src\main\AndroidManifest.xml:31:19-46
50            <intent-filter>
50-->src\main\AndroidManifest.xml:32:13-36:29
51                <action android:name="android.intent.action.MAIN" />
51-->src\main\AndroidManifest.xml:33:17-69
51-->src\main\AndroidManifest.xml:33:25-66
52
53                <category android:name="android.intent.category.LAUNCHER" />
53-->src\main\AndroidManifest.xml:35:17-77
53-->src\main\AndroidManifest.xml:35:27-74
54            </intent-filter>
55        </activity>
56        <activity android:name="com.hardwoker.VerifyOTP" />
56-->src\main\AndroidManifest.xml:38:9-46
56-->src\main\AndroidManifest.xml:38:19-44
57        <activity
57-->src\main\AndroidManifest.xml:39:9-41:59
58            android:name="com.hardwoker.MapsActivity"
58-->src\main\AndroidManifest.xml:40:13-41
59            android:label="@string/title_activity_maps" />
59-->src\main\AndroidManifest.xml:41:13-56
60        <activity android:name="com.hardwoker.MainActivity" >
60-->src\main\AndroidManifest.xml:42:9-44:20
60-->src\main\AndroidManifest.xml:42:19-47
61        </activity>
62
63        <meta-data
63-->src\main\AndroidManifest.xml:46:9-48:57
64            android:name="preloaded_fonts"
64-->src\main\AndroidManifest.xml:47:13-43
65            android:resource="@array/preloaded_fonts" />
65-->src\main\AndroidManifest.xml:48:13-54
66
67        <service
67-->[com.google.firebase:firebase-database:19.6.0] AndroidManifest.xml:29:9-35:19
68            android:name="com.google.firebase.components.ComponentDiscoveryService"
68-->[com.google.firebase:firebase-database:19.6.0] AndroidManifest.xml:30:13-84
69            android:directBootAware="true"
69-->[com.google.firebase:firebase-common:19.5.0] AndroidManifest.xml:35:13-43
70            android:exported="false" >
70-->[com.google.firebase:firebase-database:19.6.0] AndroidManifest.xml:31:13-37
71            <meta-data
71-->[com.google.firebase:firebase-database:19.6.0] AndroidManifest.xml:32:13-34:85
72                android:name="com.google.firebase.components:com.google.firebase.database.DatabaseRegistrar"
72-->[com.google.firebase:firebase-database:19.6.0] AndroidManifest.xml:33:17-109
73                android:value="com.google.firebase.components.ComponentRegistrar" />
73-->[com.google.firebase:firebase-database:19.6.0] AndroidManifest.xml:34:17-82
74            <meta-data
74-->[com.google.firebase:firebase-auth:20.0.2] AndroidManifest.xml:77:13-79:85
75                android:name="com.google.firebase.components:com.google.firebase.auth.FirebaseAuthRegistrar"
75-->[com.google.firebase:firebase-auth:20.0.2] AndroidManifest.xml:78:17-109
76                android:value="com.google.firebase.components.ComponentRegistrar" />
76-->[com.google.firebase:firebase-auth:20.0.2] AndroidManifest.xml:79:17-82
77            <!--
78                This registrar is not defined in the dynamic-module-support sdk itself to allow non-firebase
79                clients to use it as well, by defining this registrar in their own core/common library.
80            -->
81            <meta-data
81-->[com.google.firebase:firebase-common:19.5.0] AndroidManifest.xml:43:13-45:85
82                android:name="com.google.firebase.components:com.google.firebase.dynamicloading.DynamicLoadingRegistrar"
82-->[com.google.firebase:firebase-common:19.5.0] AndroidManifest.xml:44:17-121
83                android:value="com.google.firebase.components.ComponentRegistrar" />
83-->[com.google.firebase:firebase-common:19.5.0] AndroidManifest.xml:45:17-82
84        </service> <!-- Needs to be explicitly declared on P+ -->
85        <uses-library
85-->[com.google.android.gms:play-services-maps:17.0.0] AndroidManifest.xml:33:9-35:40
86            android:name="org.apache.http.legacy"
86-->[com.google.android.gms:play-services-maps:17.0.0] AndroidManifest.xml:34:13-50
87            android:required="false" />
87-->[com.google.android.gms:play-services-maps:17.0.0] AndroidManifest.xml:35:13-37
88
89        <activity
89-->[com.google.firebase:firebase-auth:20.0.2] AndroidManifest.xml:27:9-44:20
90            android:name="com.google.firebase.auth.internal.GenericIdpActivity"
90-->[com.google.firebase:firebase-auth:20.0.2] AndroidManifest.xml:28:13-80
91            android:excludeFromRecents="true"
91-->[com.google.firebase:firebase-auth:20.0.2] AndroidManifest.xml:29:13-46
92            android:exported="true"
92-->[com.google.firebase:firebase-auth:20.0.2] AndroidManifest.xml:30:13-36
93            android:launchMode="singleTask"
93-->[com.google.firebase:firebase-auth:20.0.2] AndroidManifest.xml:31:13-44
94            android:theme="@android:style/Theme.Translucent.NoTitleBar" >
94-->[com.google.firebase:firebase-auth:20.0.2] AndroidManifest.xml:32:13-72
95            <intent-filter>
95-->[com.google.firebase:firebase-auth:20.0.2] AndroidManifest.xml:33:13-43:29
96                <action android:name="android.intent.action.VIEW" />
96-->[com.google.firebase:firebase-auth:20.0.2] AndroidManifest.xml:34:17-69
96-->[com.google.firebase:firebase-auth:20.0.2] AndroidManifest.xml:34:25-66
97
98                <category android:name="android.intent.category.DEFAULT" />
98-->[com.google.firebase:firebase-auth:20.0.2] AndroidManifest.xml:36:17-76
98-->[com.google.firebase:firebase-auth:20.0.2] AndroidManifest.xml:36:27-73
99                <category android:name="android.intent.category.BROWSABLE" />
99-->[com.google.firebase:firebase-auth:20.0.2] AndroidManifest.xml:37:17-78
99-->[com.google.firebase:firebase-auth:20.0.2] AndroidManifest.xml:37:27-75
100
101                <data
101-->[com.google.firebase:firebase-auth:20.0.2] AndroidManifest.xml:39:17-42:51
102                    android:host="firebase.auth"
102-->[com.google.firebase:firebase-auth:20.0.2] AndroidManifest.xml:40:21-49
103                    android:path="/"
103-->[com.google.firebase:firebase-auth:20.0.2] AndroidManifest.xml:41:21-37
104                    android:scheme="genericidp" />
104-->[com.google.firebase:firebase-auth:20.0.2] AndroidManifest.xml:42:21-48
105            </intent-filter>
106        </activity>
107        <activity
107-->[com.google.firebase:firebase-auth:20.0.2] AndroidManifest.xml:45:9-62:20
108            android:name="com.google.firebase.auth.internal.RecaptchaActivity"
108-->[com.google.firebase:firebase-auth:20.0.2] AndroidManifest.xml:46:13-79
109            android:excludeFromRecents="true"
109-->[com.google.firebase:firebase-auth:20.0.2] AndroidManifest.xml:47:13-46
110            android:exported="true"
110-->[com.google.firebase:firebase-auth:20.0.2] AndroidManifest.xml:48:13-36
111            android:launchMode="singleTask"
111-->[com.google.firebase:firebase-auth:20.0.2] AndroidManifest.xml:49:13-44
112            android:theme="@android:style/Theme.Translucent.NoTitleBar" >
112-->[com.google.firebase:firebase-auth:20.0.2] AndroidManifest.xml:50:13-72
113            <intent-filter>
113-->[com.google.firebase:firebase-auth:20.0.2] AndroidManifest.xml:51:13-61:29
114                <action android:name="android.intent.action.VIEW" />
114-->[com.google.firebase:firebase-auth:20.0.2] AndroidManifest.xml:34:17-69
114-->[com.google.firebase:firebase-auth:20.0.2] AndroidManifest.xml:34:25-66
115
116                <category android:name="android.intent.category.DEFAULT" />
116-->[com.google.firebase:firebase-auth:20.0.2] AndroidManifest.xml:36:17-76
116-->[com.google.firebase:firebase-auth:20.0.2] AndroidManifest.xml:36:27-73
117                <category android:name="android.intent.category.BROWSABLE" />
117-->[com.google.firebase:firebase-auth:20.0.2] AndroidManifest.xml:37:17-78
117-->[com.google.firebase:firebase-auth:20.0.2] AndroidManifest.xml:37:27-75
118
119                <data
119-->[com.google.firebase:firebase-auth:20.0.2] AndroidManifest.xml:39:17-42:51
120                    android:host="firebase.auth"
120-->[com.google.firebase:firebase-auth:20.0.2] AndroidManifest.xml:40:21-49
121                    android:path="/"
121-->[com.google.firebase:firebase-auth:20.0.2] AndroidManifest.xml:41:21-37
122                    android:scheme="recaptcha" />
122-->[com.google.firebase:firebase-auth:20.0.2] AndroidManifest.xml:42:21-48
123            </intent-filter>
124        </activity>
125
126        <service
126-->[com.google.firebase:firebase-auth:20.0.2] AndroidManifest.xml:64:9-73:19
127            android:name="com.google.firebase.auth.api.fallback.service.FirebaseAuthFallbackService"
127-->[com.google.firebase:firebase-auth:20.0.2] AndroidManifest.xml:65:13-101
128            android:enabled="true"
128-->[com.google.firebase:firebase-auth:20.0.2] AndroidManifest.xml:66:13-35
129            android:exported="false" >
129-->[com.google.firebase:firebase-auth:20.0.2] AndroidManifest.xml:67:13-37
130            <intent-filter>
130-->[com.google.firebase:firebase-auth:20.0.2] AndroidManifest.xml:68:13-72:29
131                <action android:name="com.google.firebase.auth.api.gms.service.START" />
131-->[com.google.firebase:firebase-auth:20.0.2] AndroidManifest.xml:69:17-89
131-->[com.google.firebase:firebase-auth:20.0.2] AndroidManifest.xml:69:25-86
132
133                <category android:name="android.intent.category.DEFAULT" />
133-->[com.google.firebase:firebase-auth:20.0.2] AndroidManifest.xml:36:17-76
133-->[com.google.firebase:firebase-auth:20.0.2] AndroidManifest.xml:36:27-73
134            </intent-filter>
135        </service>
136
137        <provider
137-->[com.google.firebase:firebase-common:19.5.0] AndroidManifest.xml:26:9-31:39
138            android:name="com.google.firebase.provider.FirebaseInitProvider"
138-->[com.google.firebase:firebase-common:19.5.0] AndroidManifest.xml:27:13-77
139            android:authorities="com.hardwoker.firebaseinitprovider"
139-->[com.google.firebase:firebase-common:19.5.0] AndroidManifest.xml:28:13-72
140            android:directBootAware="true"
140-->[com.google.firebase:firebase-common:19.5.0] AndroidManifest.xml:29:13-43
141            android:exported="false"
141-->[com.google.firebase:firebase-common:19.5.0] AndroidManifest.xml:30:13-37
142            android:initOrder="100" />
142-->[com.google.firebase:firebase-common:19.5.0] AndroidManifest.xml:31:13-36
143
144        <activity
144-->[com.google.android.gms:play-services-base:17.1.0] AndroidManifest.xml:23:9-26:75
145            android:name="com.google.android.gms.common.api.GoogleApiActivity"
145-->[com.google.android.gms:play-services-base:17.1.0] AndroidManifest.xml:24:13-79
146            android:exported="false"
146-->[com.google.android.gms:play-services-base:17.1.0] AndroidManifest.xml:25:13-37
147            android:theme="@android:style/Theme.Translucent.NoTitleBar" />
147-->[com.google.android.gms:play-services-base:17.1.0] AndroidManifest.xml:26:13-72
148
149        <meta-data
149-->[com.google.android.gms:play-services-basement:17.1.0] AndroidManifest.xml:23:9-25:69
150            android:name="com.google.android.gms.version"
150-->[com.google.android.gms:play-services-basement:17.1.0] AndroidManifest.xml:24:13-58
151            android:value="@integer/google_play_services_version" />
151-->[com.google.android.gms:play-services-basement:17.1.0] AndroidManifest.xml:25:13-66
152    </application>
153
154</manifest>